0 info it worked if it ends with ok
1 verbose cli [ '/usr/local/bin/node',
1 verbose cli   '/usr/local/bin/npm',
1 verbose cli   'install',
1 verbose cli   '-g',
1 verbose cli   'famous-cli' ]
2 info using npm@2.11.2
3 info using node@v0.12.5
4 verbose install initial load of /usr/local/lib/package.json
5 verbose readDependencies loading dependencies from /usr/local/lib/package.json
6 silly cache add args [ 'famous-cli', null ]
7 verbose cache add spec famous-cli
8 silly cache add parsed spec { raw: 'famous-cli',
8 silly cache add   scope: null,
8 silly cache add   name: 'famous-cli',
8 silly cache add   rawSpec: '',
8 silly cache add   spec: '*',
8 silly cache add   type: 'range' }
9 silly addNamed famous-cli@*
10 verbose addNamed "*" is a valid semver range for famous-cli
11 silly addNameRange { name: 'famous-cli', range: '*', hasData: false }
12 silly mapToRegistry name famous-cli
13 silly mapToRegistry using default registry
14 silly mapToRegistry registry https://registry.npmjs.org/
15 silly mapToRegistry uri https://registry.npmjs.org/famous-cli
16 verbose addNameRange registry:https://registry.npmjs.org/famous-cli not in flight; fetching
17 verbose request uri https://registry.npmjs.org/famous-cli
18 verbose request no auth needed
19 info attempt registry request try #1 at 17:54:06
20 verbose request id d72b6928348e1df8
21 verbose etag "5WBASCSHMW9BU55RA9H1WSFM5"
22 http request GET https://registry.npmjs.org/famous-cli
23 http 304 https://registry.npmjs.org/famous-cli
24 silly get cb [ 304,
24 silly get   { date: 'Thu, 16 Jul 2015 09:54:08 GMT',
24 silly get     via: '1.1 varnish',
24 silly get     'cache-control': 'max-age=60',
24 silly get     etag: '"5WBASCSHMW9BU55RA9H1WSFM5"',
24 silly get     age: '0',
24 silly get     connection: 'keep-alive',
24 silly get     'x-served-by': 'cache-hkg6820-HKG',
24 silly get     'x-cache': 'MISS',
24 silly get     'x-cache-hits': '0',
24 silly get     'x-timer': 'S1437040448.169567,VS0,VE954',
24 silly get     vary: 'Accept' } ]
25 verbose etag https://registry.npmjs.org/famous-cli from cache
26 verbose get saving famous-cli to /Users/su/.npm/registry.npmjs.org/famous-cli/.cache.json
27 silly addNameRange number 2 { name: 'famous-cli', range: '*', hasData: true }
28 silly addNameRange versions [ 'famous-cli',
28 silly addNameRange   [ '0.0.1',
28 silly addNameRange     '0.1.2',
28 silly addNameRange     '0.1.4',
28 silly addNameRange     '0.2.0',
28 silly addNameRange     '0.2.1',
28 silly addNameRange     '0.2.2',
28 silly addNameRange     '0.2.3',
28 silly addNameRange     '0.2.4',
28 silly addNameRange     '0.2.5',
28 silly addNameRange     '0.2.6',
28 silly addNameRange     '0.2.7',
28 silly addNameRange     '0.2.8',
28 silly addNameRange     '0.2.9',
28 silly addNameRange     '0.2.10',
28 silly addNameRange     '0.2.11',
28 silly addNameRange     '0.3.0',
28 silly addNameRange     '0.4.0',
28 silly addNameRange     '0.5.0',
28 silly addNameRange     '0.5.1',
28 silly addNameRange     '0.5.2' ] ]
29 silly addNamed famous-cli@0.5.2
30 verbose addNamed "0.5.2" is a plain semver version for famous-cli
31 silly cache afterAdd famous-cli@0.5.2
32 verbose afterAdd /Users/su/.npm/famous-cli/0.5.2/package/package.json not in flight; writing
33 verbose afterAdd /Users/su/.npm/famous-cli/0.5.2/package/package.json written
34 silly install resolved [ { name: 'famous-cli',
34 silly install resolved     version: '0.5.2',
34 silly install resolved     description: 'CLI interface for Famous Industries Web Services',
34 silly install resolved     main: 'index.js',
34 silly install resolved     repository:
34 silly install resolved      { type: 'git',
34 silly install resolved        url: 'git+https://github.com/Famous/famous-cli.git' },
34 silly install resolved     preferGlobal: 'true',
34 silly install resolved     bin: { famous: 'bin/famous.js' },
34 silly install resolved     scripts:
34 silly install resolved      { test: 'tap spec && npm run lint',
34 silly install resolved        lint: 'eslint bin/ lib/',
34 silly install resolved        debug: 'node --debug server.js' },
34 silly install resolved     contributors: [ [Object], [Object], [Object], [Object] ],
34 silly install resolved     license: 'MIT',
34 silly install resolved     dependencies:
34 silly install resolved      { async: '0.9.0',
34 silly install resolved        btoa: '1.1.2',
34 silly install resolved        chalk: '^1.0.0',
34 silly install resolved        'combined-stream': '^1.0.3',
34 silly install resolved        commander: '2.7.1',
34 silly install resolved        'fs-extra': '^0.18.3',
34 silly install resolved        inquirer: '0.8.2',
34 silly install resolved        isbinaryfile: '2.0.3',
34 silly install resolved        'latest-version': '^1.0.0',
34 silly install resolved        mime: '^1.3.4',
34 silly install resolved        'mime-types': '^2.0.12',
34 silly install resolved        minimist: '1.1.0',
34 silly install resolved        mixpanel: '^0.2.1',
34 silly install resolved        mustache: '^2.1.1',
34 silly install resolved        'node-rest-client': '1.4.4',
34 silly install resolved        'recursive-readdir': '1.2.1',
34 silly install resolved        slash: '^1.0.0',
34 silly install resolved        'tar-fs': '^1.5.1',
34 silly install resolved        uuid: '^2.0.1',
34 silly install resolved        'win-spawn': '^2.0.0' },
34 silly install resolved     devDependencies:
34 silly install resolved      { eslint: '^0.21.1',
34 silly install resolved        rewire: '2.3.1',
34 silly install resolved        sinon: '1.14.1',
34 silly install resolved        tap: '1.1.4' },
34 silly install resolved     gitHead: '3017ba0d9c3bcaebf4e4635bb078887f73e9a182',
34 silly install resolved     bugs: { url: 'https://github.com/Famous/famous-cli/issues' },
34 silly install resolved     homepage: 'https://github.com/Famous/famous-cli',
34 silly install resolved     _id: 'famous-cli@0.5.2',
34 silly install resolved     _shasum: 'de8a6aad36c35ca0ffef76c2ec19b4b882b3f856',
34 silly install resolved     _from: 'famous-cli@*',
34 silly install resolved     _npmVersion: '2.5.1',
34 silly install resolved     _nodeVersion: '0.12.0',
34 silly install resolved     _npmUser: { name: 'wgester', email: 'will@famo.us' },
34 silly install resolved     dist:
34 silly install resolved      { shasum: 'de8a6aad36c35ca0ffef76c2ec19b4b882b3f856',
34 silly install resolved        tarball: 'http://registry.npmjs.org/famous-cli/-/famous-cli-0.5.2.tgz' },
34 silly install resolved     maintainers: [ [Object], [Object], [Object], [Object] ],
34 silly install resolved     directories: {},
34 silly install resolved     _resolved: 'https://registry.npmjs.org/famous-cli/-/famous-cli-0.5.2.tgz',
34 silly install resolved     readme: 'ERROR: No README data found!' } ]
35 info install famous-cli@0.5.2 into /usr/local/lib
36 info installOne famous-cli@0.5.2
37 verbose installOne of famous-cli to /usr/local/lib not in flight; installing
38 warn locking Error: EACCES, open '/Users/su/.npm/_locks/famous-cli-b68453d9db507a72.lock'
38 warn locking     at Error (native)
38 warn locking  /Users/su/.npm/_locks/famous-cli-b68453d9db507a72.lock failed { [Error: EACCES, open '/Users/su/.npm/_locks/famous-cli-b68453d9db507a72.lock']
38 warn locking   errno: -13,
38 warn locking   code: 'EACCES',
38 warn locking   path: '/Users/su/.npm/_locks/famous-cli-b68453d9db507a72.lock' }
39 verbose stack Error: Attempt to unlock /usr/local/lib/node_modules/famous-cli, which hasn't been locked
39 verbose stack     at unlock (/usr/local/lib/node_modules/npm/lib/utils/locker.js:66:11)
39 verbose stack     at cb (/usr/local/lib/node_modules/npm/lib/install.js:1017:5)
39 verbose stack     at /usr/local/lib/node_modules/npm/lib/install.js:1021:20
39 verbose stack     at /usr/local/lib/node_modules/npm/lib/utils/locker.js:40:9
39 verbose stack     at cb (/usr/local/lib/node_modules/npm/node_modules/lockfile/lockfile.js:149:38)
39 verbose stack     at /usr/local/lib/node_modules/npm/node_modules/lockfile/lockfile.js:177:38
39 verbose stack     at FSReqWrap.oncomplete (fs.js:95:15)
40 verbose cwd /Users/su/Developer/WebstormProjects/famous-trial
41 error Darwin 14.3.0
42 error argv "/usr/local/bin/node" "/usr/local/bin/npm" "install" "-g" "famous-cli"
43 error node v0.12.5
44 error npm  v2.11.2
45 error Attempt to unlock /usr/local/lib/node_modules/famous-cli, which hasn't been locked
46 error If you need help, you may report this error at:
46 error     <https://github.com/npm/npm/issues>
47 verbose exit [ 1, true ]
